0 info it worked if it ends with ok
1 verbose cli [ '/usr/bin/node',
1 verbose cli   '/usr/bin/npm',
1 verbose cli   'install',
1 verbose cli   '-g',
1 verbose cli   'generator-webapp-php' ]
2 info using npm@1.4.28
3 info using node@v0.10.38
4 verbose node symlink /usr/bin/node
5 verbose cache add [ 'generator-webapp-php', null ]
6 verbose cache add name=undefined spec="generator-webapp-php" args=["generator-webapp-php",null]
7 verbose parsed url { protocol: null,
7 verbose parsed url   slashes: null,
7 verbose parsed url   auth: null,
7 verbose parsed url   host: null,
7 verbose parsed url   port: null,
7 verbose parsed url   hostname: null,
7 verbose parsed url   hash: null,
7 verbose parsed url   search: null,
7 verbose parsed url   query: null,
7 verbose parsed url   pathname: 'generator-webapp-php',
7 verbose parsed url   path: 'generator-webapp-php',
7 verbose parsed url   href: 'generator-webapp-php' }
8 silly lockFile c1b0c7f9-generator-webapp-php generator-webapp-php
9 verbose lock generator-webapp-php /home/andrew/.npm/c1b0c7f9-generator-webapp-php.lock
10 silly lockFile c1b0c7f9-generator-webapp-php generator-webapp-php
11 silly lockFile c1b0c7f9-generator-webapp-php generator-webapp-php
12 verbose addNamed [ 'generator-webapp-php', '' ]
13 verbose addNamed [ null, '*' ]
14 silly lockFile 8dbc6f7f-generator-webapp-php generator-webapp-php@
15 verbose lock generator-webapp-php@ /home/andrew/.npm/8dbc6f7f-generator-webapp-php.lock
16 silly addNameRange { name: 'generator-webapp-php', range: '*', hasData: false }
17 verbose request where is /generator-webapp-php
18 verbose request registry https://registry.npmjs.org/
19 verbose request id ccabf36822190b0f
20 verbose url raw /generator-webapp-php
21 verbose url resolving [ 'https://registry.npmjs.org/', './generator-webapp-php' ]
22 verbose url resolved https://registry.npmjs.org/generator-webapp-php
23 verbose request where is https://registry.npmjs.org/generator-webapp-php
24 info trying registry request attempt 1 at 00:35:19
25 http GET https://registry.npmjs.org/generator-webapp-php
26 http 200 https://registry.npmjs.org/generator-webapp-php
27 silly registry.get cb [ 200,
27 silly registry.get   { server: 'CouchDB/1.5.0 (Erlang OTP/R16B03)',
27 silly registry.get     etag: '"52ODJD7XC1HE5MHCWJKOIUJ02"',
27 silly registry.get     'content-type': 'application/json',
27 silly registry.get     'cache-control': 'max-age=60',
27 silly registry.get     'content-length': '16121',
27 silly registry.get     'accept-ranges': 'bytes',
27 silly registry.get     date: 'Wed, 06 May 2015 07:35:20 GMT',
27 silly registry.get     via: '1.1 varnish',
27 silly registry.get     age: '0',
27 silly registry.get     connection: 'keep-alive',
27 silly registry.get     'x-served-by': 'cache-sjc3122-SJC',
27 silly registry.get     'x-cache': 'MISS',
27 silly registry.get     'x-cache-hits': '0',
27 silly registry.get     'x-timer': 'S1430897719.652161,VS0,VE437',
27 silly registry.get     vary: 'Accept' } ]
28 silly addNameRange number 2 { name: 'generator-webapp-php', range: '*', hasData: true }
29 silly addNameRange versions [ 'generator-webapp-php',
29 silly addNameRange   [ '0.1.0', '0.2.0', '0.2.1', '0.3.0' ] ]
30 verbose addNamed [ 'generator-webapp-php', '0.3.0' ]
31 verbose addNamed [ '0.3.0', '0.3.0' ]
32 silly lockFile ba6bd633-generator-webapp-php-0-3-0 generator-webapp-php@0.3.0
33 verbose lock generator-webapp-php@0.3.0 /home/andrew/.npm/ba6bd633-generator-webapp-php-0-3-0.lock
34 silly lockFile d8d5015f-p-generator-webapp-php-0-3-0-tgz https://registry.npmjs.org/generator-webapp-php/-/generator-webapp-php-0.3.0.tgz
35 verbose lock https://registry.npmjs.org/generator-webapp-php/-/generator-webapp-php-0.3.0.tgz /home/andrew/.npm/d8d5015f-p-generator-webapp-php-0-3-0-tgz.lock
36 verbose addRemoteTarball [ 'https://registry.npmjs.org/generator-webapp-php/-/generator-webapp-php-0.3.0.tgz',
36 verbose addRemoteTarball   'fe7afd6b0a95deb1c9b2396c8931c5818646e615' ]
37 info retry fetch attempt 1 at 00:35:20
38 verbose fetch to= /tmp/npm-5444-GdY9j1__/registry.npmjs.org/generator-webapp-php/-/generator-webapp-php-0.3.0.tgz
39 http GET https://registry.npmjs.org/generator-webapp-php/-/generator-webapp-php-0.3.0.tgz
40 http 200 https://registry.npmjs.org/generator-webapp-php/-/generator-webapp-php-0.3.0.tgz
41 silly lockFile d8d5015f-p-generator-webapp-php-0-3-0-tgz https://registry.npmjs.org/generator-webapp-php/-/generator-webapp-php-0.3.0.tgz
42 silly lockFile d8d5015f-p-generator-webapp-php-0-3-0-tgz https://registry.npmjs.org/generator-webapp-php/-/generator-webapp-php-0.3.0.tgz
43 silly lockFile ba6bd633-generator-webapp-php-0-3-0 generator-webapp-php@0.3.0
44 silly lockFile ba6bd633-generator-webapp-php-0-3-0 generator-webapp-php@0.3.0
45 silly lockFile 8dbc6f7f-generator-webapp-php generator-webapp-php@
46 silly lockFile 8dbc6f7f-generator-webapp-php generator-webapp-php@
47 silly resolved [ { name: 'generator-webapp-php',
47 silly resolved     version: '0.3.0',
47 silly resolved     description: 'Scaffold out a front-end web app with a PHP back-end',
47 silly resolved     keywords:
47 silly resolved      [ 'yeoman-generator',
47 silly resolved        'web',
47 silly resolved        'app',
47 silly resolved        'front-end',
47 silly resolved        'h5bp',
47 silly resolved        'modernizr',
47 silly resolved        'php' ],
47 silly resolved     homepage: 'https://github.com/amercier/generator-webapp-php',
47 silly resolved     bugs: { url: 'https://github.com/amercier/generator-webapp-php/issues' },
47 silly resolved     author: { name: 'Alexandre Mercier' },
47 silly resolved     main: 'app/index.js',
47 silly resolved     repository:
47 silly resolved      { type: 'git',
47 silly resolved        url: 'git://github.com/amercier/generator-webapp-php.git' },
47 silly resolved     scripts: { test: 'mocha --reporter spec' },
47 silly resolved     dependencies: { 'yeoman-generator': '~0.14.0', cheerio: '~0.12.1' },
47 silly resolved     peerDependencies: { yo: '>=1.0.0-rc.1.1', 'generator-mocha': '~0.1.1' },
47 silly resolved     devDependencies: { mocha: '~1.12.0' },
47 silly resolved     engines: { node: '>=0.8.0', npm: '>=1.2.10' },
47 silly resolved     licenses: [ [Object] ],
47 silly resolved     readme: '# Web app generator with PHP\n\nYeoman generator that scaffolds out a front-end web app with a PHP background.\n\n[![Build Status](https://secure.travis-ci.org/amercier/generator-webapp-php.png?branch=master)](http://travis-ci.org/amercier/generator-webapp-php)\n[![NPM version](https://badge.fury.io/js/generator-webapp-php.png)](http://badge.fury.io/js/generator-webapp-php)\n\n## Features\n\n* CSS Autoprefixing (new)\n* Built-in preview server with LiveReload\n* Automagically compile CoffeeScript & Compass\n* Automagically lint your scripts\n* Automagically wire up your Bower components with [bower-install](https://github.com/stephenplusplus/grunt-bower-install).\n* Awesome Image Optimization (via OptiPNG, pngquant, jpegtran and gifsicle)\n* Mocha Unit Testing with PhantomJS\n* Optional - Twitter Bootstrap for SASS\n* Optional - Leaner Modernizr builds (new)\n\nFor more information on what `generator-webapp-php` can do for you, take a look at the [Grunt tasks](https://github.com/amercier/generator-webapp-php/blob/master/app/templates/_package.json) used in our `package.json`.\n\n## Getting Started\n\n- Install: `npm install -g generator-webapp-php`\n- Run: `yo webapp-php`\n- Run `grunt` for building and `grunt serve` for preview\n\n\n## Options\n\n* `--skip-install`\n\n  Skips the automatic execution of `bower` and `npm` after scaffolding has finished.\n\n* `--test-framework=<framework>`\n\n  Defaults to `mocha`. Can be switched for another supported testing framework like `jasmine`.\n\n* `--coffee`\n\n  Add support for [CoffeeScript](http://coffeescript.org/).\n\n## Contribute\n\nSee the [contributing docs](https://github.com/yeoman/yeoman/blob/master/contributing.md)\n\nNote: We are regularly asked whether we can add or take away features. If a change is good enough to have a positive impact on all users, we are happy to consider it.\n\nIf not, `generator-webapp-php` is fork-friendly and you can always maintain a custom version which you `npm install && npm link` to continue using via `yo webapp-php` or a name of your choosing.\n\n\n## License\n\n[MIT license](https://github.com/amercier/generator-webapp-php/blob/master/)\n',
47 silly resolved     readmeFilename: 'readme.md',
47 silly resolved     _id: 'generator-webapp-php@0.3.0',
47 silly resolved     dist:
47 silly resolved      { shasum: 'fe7afd6b0a95deb1c9b2396c8931c5818646e615',
47 silly resolved        tarball: 'http://registry.npmjs.org/generator-webapp-php/-/generator-webapp-php-0.3.0.tgz' },
47 silly resolved     _from: 'generator-webapp-php@',
47 silly resolved     _npmVersion: '1.3.15',
47 silly resolved     _npmUser: { name: 'amercier', email: 'pro.alexandre.mercier@gmail.com' },
47 silly resolved     maintainers: [ [Object] ],
47 silly resolved     directories: {},
47 silly resolved     _shasum: 'fe7afd6b0a95deb1c9b2396c8931c5818646e615',
47 silly resolved     _resolved: 'https://registry.npmjs.org/generator-webapp-php/-/generator-webapp-php-0.3.0.tgz' } ]
48 info install generator-webapp-php@0.3.0 into /usr/lib
49 info installOne generator-webapp-php@0.3.0
50 verbose lib/node_modules/generator-webapp-php unbuild
51 verbose tar unpack /home/andrew/.npm/generator-webapp-php/0.3.0/package.tgz
52 silly lockFile a576a35f-ode-modules-generator-webapp-php tar:///usr/lib/node_modules/generator-webapp-php
53 verbose lock tar:///usr/lib/node_modules/generator-webapp-php /home/andrew/.npm/a576a35f-ode-modules-generator-webapp-php.lock
54 silly lockFile 9e66c8cd-tor-webapp-php-0-3-0-package-tgz tar:///home/andrew/.npm/generator-webapp-php/0.3.0/package.tgz
55 verbose lock tar:///home/andrew/.npm/generator-webapp-php/0.3.0/package.tgz /home/andrew/.npm/9e66c8cd-tor-webapp-php-0-3-0-package-tgz.lock
56 silly gunzTarPerm modes [ '775', '664' ]
57 error Error: EACCES, mkdir '/usr/lib/node_modules/generator-webapp-php'
57 error  { [Error: EACCES, mkdir '/usr/lib/node_modules/generator-webapp-php']
57 error   errno: 3,
57 error   code: 'EACCES',
57 error   path: '/usr/lib/node_modules/generator-webapp-php',
57 error   fstream_type: 'Directory',
57 error   fstream_path: '/usr/lib/node_modules/generator-webapp-php',
57 error   fstream_class: 'DirWriter',
57 error   fstream_stack:
57 error    [ '/usr/lib/node_modules/npm/node_modules/fstream/lib/dir-writer.js:36:23',
57 error      '/usr/lib/node_modules/npm/node_modules/mkdirp/index.js:46:53',
57 error      'Object.oncomplete (fs.js:108:15)' ] }
58 error Please try running this command again as root/Administrator.
59 error System Linux 3.16.0-34-generic
60 error command "/usr/bin/node" "/usr/bin/npm" "install" "-g" "generator-webapp-php"
61 error cwd /home/andrew/Code/Ark
62 error node -v v0.10.38
63 error npm -v 1.4.28
64 error path /usr/lib/node_modules/generator-webapp-php
65 error fstream_path /usr/lib/node_modules/generator-webapp-php
66 error fstream_type Directory
67 error fstream_class DirWriter
68 error code EACCES
69 error errno 3
70 error stack Error: EACCES, mkdir '/usr/lib/node_modules/generator-webapp-php'
71 error fstream_stack /usr/lib/node_modules/npm/node_modules/fstream/lib/dir-writer.js:36:23
71 error fstream_stack /usr/lib/node_modules/npm/node_modules/mkdirp/index.js:46:53
71 error fstream_stack Object.oncomplete (fs.js:108:15)
72 verbose exit [ 3, true ]
